<?xml version="1.0" encoding="UTF-8"?>
<!-- Generated by org.testng.reporters.JUnitReportReporter -->
<testsuite skipped="4" hostname="Manoj" name="testing.FunctionalTest" tests="4" failures="0" timestamp="2023-03-01T17:56:11 IST" time="0.000" errors="0">
  <testcase name="validateProdandPrice" time="0.000" classname="testing.FunctionalTest">
    <skipped/>
  </testcase> <!-- validateProdandPrice -->
  <system-out/>
  <testcase name="validateProdandPrice" time="0.000" classname="testing.FunctionalTest">
    <skipped/>
  </testcase> <!-- validateProdandPrice -->
  <system-out/>
  <testcase name="validateTitle" time="0.000" classname="testing.FunctionalTest">
    <skipped/>
  </testcase> <!-- validateTitle -->
  <system-out/>
  <testcase name="validateTitle" time="0.000" classname="testing.FunctionalTest">
    <skipped/>
  </testcase> <!-- validateTitle -->
  <system-out/>
</testsuite> <!-- testing.FunctionalTest -->
